2025-04-02 21:23:45+0200: Running with following config:
logDir = analysis_logs
maxVisits = 500
nnCacheSizePowerOfTwo = 23
nnMaxBatchSize = 64
nnMutexPoolSizePowerOfTwo = 17
nnRandomize = true
numAnalysisThreads = 2
numSearchThreads = 16
reportAnalysisWinratesAs = BLACK

2025-04-02 21:23:45+0200: Analysis Engine starting...
2025-04-02 21:23:45+0200: KataGo v1.14.1
2025-04-02 21:23:45+0200: nnRandSeed0 = 7851284836111676369
2025-04-02 21:23:45+0200: After dedups: nnModelFile0 = ..\..\KataGo\katago-v1.14.1-opencl-windows-x64\kata1-b28c512nbt-s8476434688-d4668249792.bin.gz useFP16 auto useNHWC auto
2025-04-02 21:23:45+0200: Initializing neural net buffer to be size 19 * 19 allowing smaller boards
2025-04-02 21:23:49+0200: Found OpenCL Platform 0: NVIDIA CUDA (NVIDIA Corporation) (OpenCL 3.0 CUDA 11.4.141)
2025-04-02 21:23:49+0200: Found 1 device(s) on platform 0 with type CPU or GPU or Accelerator
2025-04-02 21:23:49+0200: Found OpenCL Platform 1: AMD Accelerated Parallel Processing (Advanced Micro Devices, Inc.) (OpenCL 2.1 AMD-APP (3075.13))
2025-04-02 21:23:49+0200: Found 1 device(s) on platform 1 with type CPU or GPU or Accelerator
2025-04-02 21:23:49+0200: Found OpenCL Device 0: NVIDIA GeForce GTX 1650 (NVIDIA Corporation) (score 11000300)
2025-04-02 21:23:49+0200: Found OpenCL Device 1: gfx902 (Advanced Micro Devices, Inc.) (score 11000200)
2025-04-02 21:23:49+0200: Creating context for OpenCL Platform: NVIDIA CUDA (NVIDIA Corporation) (OpenCL 3.0 CUDA 11.4.141)
2025-04-02 21:23:49+0200: Using OpenCL Device 0: NVIDIA GeForce GTX 1650 (NVIDIA Corporation) OpenCL 3.0 CUDA (Extensions: cl_khr_global_int32_base_atomics cl_khr_global_int32_extended_atomics cl_khr_local_int32_base_atomics cl_khr_local_int32_extended_atomics cl_khr_fp64 cl_khr_3d_image_writes cl_khr_byte_addressable_store cl_khr_icd cl_khr_gl_sharing cl_nv_compiler_options cl_nv_device_attribute_query cl_nv_pragma_unroll cl_nv_d3d10_sharing cl_khr_d3d10_sharing cl_nv_d3d11_sharing cl_nv_copy_opts cl_nv_create_buffer cl_khr_int64_base_atomics cl_khr_int64_extended_atomics cl_khr_device_uuid cl_khr_pci_bus_info)
2025-04-02 21:23:49+0200: Loaded tuning parameters from: C:\Users\Bob\Documents\KataGo\katago-v1.14.1-opencl-windows-x64/KataGoData/opencltuning/tune11_gpuNVIDIAGeForceGTX1650_x19_y19_c512_mv15.txt
2025-04-02 21:23:49+0200: OpenCL backend thread 0: Model version 15
2025-04-02 21:23:49+0200: OpenCL backend thread 0: Model name: kata1-b28c512nbt-s8476434688-d4668249792
2025-04-02 21:23:56+0200: OpenCL backend thread 0: FP16Storage true FP16Compute false FP16TensorCores false FP16TensorCoresFor1x1 false
2025-04-02 21:23:56+0200: Loaded config ..\..\KataGo\katago-v1.14.1-opencl-windows-x64\analysis_example.cfg
2025-04-02 21:23:56+0200: Loaded model ..\..\KataGo\katago-v1.14.1-opencl-windows-x64\kata1-b28c512nbt-s8476434688-d4668249792.bin.gz
2025-04-02 21:23:56+0200: Analyzing up to 2 positions at a time in parallel
2025-04-02 21:23:56+0200: Started, ready to begin handling requests
